
*** Running vivado
    with args -log design_1_top_0_0.vds -m64 -product Vivado -mode batch -messageDb vivado.pb -notrace -source design_1_top_0_0.tcl



****** Vivado v2020.2 (64-bit)
  **** SW Build 3064766 on Wed Nov 18 09:12:45 MST 2020
  **** IP Build 3064653 on Wed Nov 18 14:17:31 MST 2020
    ** Copyright 1986-2020 Xilinx, Inc. All Rights Reserved.

source design_1_top_0_0.tcl -notrace
INFO: [IP_Flow 19-234] Refreshing IP repositories
INFO: [IP_Flow 19-1700] Loaded user IP repository 'c:/Users/garpage/Desktop/Ref2/ecen4243S24/lab2/lab2/lab2.ipdefs/ip_repo_BAK_0_0_0'.
INFO: [IP_Flow 19-2313] Loaded Vivado IP repository 'C:/Xilinx/Vivado/2020.2/data/ip'.
Command: synth_design -top design_1_top_0_0 -part xc7z020clg484-1 -mode out_of_context
Starting synth_design
WARNING: [IP_Flow 19-3571] IP 'design_1_top_0_0' is restricted:
* Module reference is stale and needs refreshing.
Attempting to get a license for feature 'Synthesis' and/or device 'xc7z020'
INFO: [Common 17-349] Got license for feature 'Synthesis' and/or device 'xc7z020'
INFO: [Device 21-403] Loading part xc7z020clg484-1
INFO: [Synth 8-7079] Multithreading enabled for synth_design using a maximum of 2 processes.
INFO: [Synth 8-7078] Launching helper process for spawning children vivado processes
INFO: [Synth 8-7075] Helper process launched with PID 19124
---------------------------------------------------------------------------------
Starting RTL Elaboration : Time (s): cpu = 00:00:02 ; elapsed = 00:00:03 . Memory (MB): peak = 1137.562 ; gain = 58.047
---------------------------------------------------------------------------------
INFO: [Synth 8-6157] synthesizing module 'design_1_top_0_0' [c:/Users/garpage/Desktop/Ref2/ecen4243S24/lab2/lab2/lab2.srcs/sources_1/bd/design_1/ip/design_1_top_0_0/synth/design_1_top_0_0.v:58]
INFO: [Synth 8-6157] synthesizing module 'top' [C:/Users/garpage/Desktop/Ref2/ecen4243S24/lab2/lab2/src/top.v:2]
INFO: [Synth 8-6157] synthesizing module 'riscvsingle' [C:/Users/garpage/Desktop/Ref2/ecen4243S24/lab2/lab2/lab2.srcs/sources_1/imports/Desktop/riscv_single.sv:75]
INFO: [Synth 8-6157] synthesizing module 'controller' [C:/Users/garpage/Desktop/Ref2/ecen4243S24/lab2/lab2/lab2.srcs/sources_1/imports/Desktop/riscv_single.sv:102]
INFO: [Synth 8-6157] synthesizing module 'maindec' [C:/Users/garpage/Desktop/Ref2/ecen4243S24/lab2/lab2/lab2.srcs/sources_1/imports/Desktop/riscv_single.sv:147]
INFO: [Synth 8-6155] done synthesizing module 'maindec' (1#1) [C:/Users/garpage/Desktop/Ref2/ecen4243S24/lab2/lab2/lab2.srcs/sources_1/imports/Desktop/riscv_single.sv:147]
INFO: [Synth 8-6157] synthesizing module 'aludec' [C:/Users/garpage/Desktop/Ref2/ecen4243S24/lab2/lab2/lab2.srcs/sources_1/imports/Desktop/riscv_single.sv:178]
WARNING: [Synth 8-151] case item 3'b101 is unreachable [C:/Users/garpage/Desktop/Ref2/ecen4243S24/lab2/lab2/lab2.srcs/sources_1/imports/Desktop/riscv_single.sv:201]
INFO: [Synth 8-226] default block is never used [C:/Users/garpage/Desktop/Ref2/ecen4243S24/lab2/lab2/lab2.srcs/sources_1/imports/Desktop/riscv_single.sv:201]
INFO: [Synth 8-6155] done synthesizing module 'aludec' (2#1) [C:/Users/garpage/Desktop/Ref2/ecen4243S24/lab2/lab2/lab2.srcs/sources_1/imports/Desktop/riscv_single.sv:178]
INFO: [Synth 8-6157] synthesizing module 'memdec' [C:/Users/garpage/Desktop/Ref2/ecen4243S24/lab2/lab2/lab2.srcs/sources_1/imports/Desktop/riscv_single.sv:131]
INFO: [Synth 8-6155] done synthesizing module 'memdec' (3#1) [C:/Users/garpage/Desktop/Ref2/ecen4243S24/lab2/lab2/lab2.srcs/sources_1/imports/Desktop/riscv_single.sv:131]
INFO: [Synth 8-6155] done synthesizing module 'controller' (4#1) [C:/Users/garpage/Desktop/Ref2/ecen4243S24/lab2/lab2/lab2.srcs/sources_1/imports/Desktop/riscv_single.sv:102]
INFO: [Synth 8-6157] synthesizing module 'datapath' [C:/Users/garpage/Desktop/Ref2/ecen4243S24/lab2/lab2/lab2.srcs/sources_1/imports/Desktop/riscv_single.sv:224]
INFO: [Synth 8-6157] synthesizing module 'flopenr' [C:/Users/garpage/Desktop/Ref2/ecen4243S24/lab2/lab2/lab2.srcs/sources_1/imports/Desktop/riscv_single.sv:299]
	Parameter WIDTH bound to: 32 - type: integer 
INFO: [Synth 8-6155] done synthesizing module 'flopenr' (5#1) [C:/Users/garpage/Desktop/Ref2/ecen4243S24/lab2/lab2/lab2.srcs/sources_1/imports/Desktop/riscv_single.sv:299]
INFO: [Synth 8-6157] synthesizing module 'adder' [C:/Users/garpage/Desktop/Ref2/ecen4243S24/lab2/lab2/lab2.srcs/sources_1/imports/Desktop/riscv_single.sv:260]
INFO: [Synth 8-6155] done synthesizing module 'adder' (6#1) [C:/Users/garpage/Desktop/Ref2/ecen4243S24/lab2/lab2/lab2.srcs/sources_1/imports/Desktop/riscv_single.sv:260]
INFO: [Synth 8-6157] synthesizing module 'mux2' [C:/Users/garpage/Desktop/Ref2/ecen4243S24/lab2/lab2/lab2.srcs/sources_1/imports/Desktop/riscv_single.sv:310]
	Parameter WIDTH bound to: 32 - type: integer 
INFO: [Synth 8-6155] done synthesizing module 'mux2' (7#1) [C:/Users/garpage/Desktop/Ref2/ecen4243S24/lab2/lab2/lab2.srcs/sources_1/imports/Desktop/riscv_single.sv:310]
INFO: [Synth 8-6157] synthesizing module 'regfile' [C:/Users/garpage/Desktop/Ref2/ecen4243S24/lab2/lab2/lab2.srcs/sources_1/imports/Desktop/riscv_single.sv:447]
INFO: [Synth 8-6155] done synthesizing module 'regfile' (8#1) [C:/Users/garpage/Desktop/Ref2/ecen4243S24/lab2/lab2/lab2.srcs/sources_1/imports/Desktop/riscv_single.sv:447]
INFO: [Synth 8-6157] synthesizing module 'extend' [C:/Users/garpage/Desktop/Ref2/ecen4243S24/lab2/lab2/lab2.srcs/sources_1/imports/Desktop/riscv_single.sv:267]
INFO: [Synth 8-6155] done synthesizing module 'extend' (9#1) [C:/Users/garpage/Desktop/Ref2/ecen4243S24/lab2/lab2/lab2.srcs/sources_1/imports/Desktop/riscv_single.sv:267]
INFO: [Synth 8-6157] synthesizing module 'alu' [C:/Users/garpage/Desktop/Ref2/ecen4243S24/lab2/lab2/lab2.srcs/sources_1/imports/Desktop/riscv_single.sv:405]
INFO: [Synth 8-226] default block is never used [C:/Users/garpage/Desktop/Ref2/ecen4243S24/lab2/lab2/lab2.srcs/sources_1/imports/Desktop/riscv_single.sv:424]
INFO: [Synth 8-6155] done synthesizing module 'alu' (10#1) [C:/Users/garpage/Desktop/Ref2/ecen4243S24/lab2/lab2/lab2.srcs/sources_1/imports/Desktop/riscv_single.sv:405]
INFO: [Synth 8-6157] synthesizing module 'mux5' [C:/Users/garpage/Desktop/Ref2/ecen4243S24/lab2/lab2/lab2.srcs/sources_1/imports/Desktop/riscv_single.sv:328]
	Parameter WIDTH bound to: 32 - type: integer 
INFO: [Synth 8-6155] done synthesizing module 'mux5' (11#1) [C:/Users/garpage/Desktop/Ref2/ecen4243S24/lab2/lab2/lab2.srcs/sources_1/imports/Desktop/riscv_single.sv:328]
INFO: [Synth 8-6155] done synthesizing module 'datapath' (12#1) [C:/Users/garpage/Desktop/Ref2/ecen4243S24/lab2/lab2/lab2.srcs/sources_1/imports/Desktop/riscv_single.sv:224]
INFO: [Synth 8-6155] done synthesizing module 'riscvsingle' (13#1) [C:/Users/garpage/Desktop/Ref2/ecen4243S24/lab2/lab2/lab2.srcs/sources_1/imports/Desktop/riscv_single.sv:75]
WARNING: [Synth 8-689] width (1) of port connection 'MemControl' does not match port width (3) of module 'riscvsingle' [C:/Users/garpage/Desktop/Ref2/ecen4243S24/lab2/lab2/src/top.v:28]
INFO: [Synth 8-6157] synthesizing module 'imem' [C:/Users/garpage/Desktop/Ref2/ecen4243S24/lab2/lab2/lab2.srcs/sources_1/imports/Desktop/riscv_single.sv:355]

Warning: Trying to implement RAM in registers. Block RAM or DRAM implementation is not possible for one or more of the following reasons :
	1: Unable to determine number of words or word size in RAM. 
	2: No valid read/write found for RAM. 
RAM dissolved into registers
INFO: [Synth 8-6155] done synthesizing module 'imem' (14#1) [C:/Users/garpage/Desktop/Ref2/ecen4243S24/lab2/lab2/lab2.srcs/sources_1/imports/Desktop/riscv_single.sv:355]
INFO: [Synth 8-6157] synthesizing module 'dmem' [C:/Users/garpage/Desktop/Ref2/ecen4243S24/lab2/lab2/lab2.srcs/sources_1/imports/Desktop/riscv_single.sv:364]
INFO: [Synth 8-6157] synthesizing module 'mux3' [C:/Users/garpage/Desktop/Ref2/ecen4243S24/lab2/lab2/lab2.srcs/sources_1/imports/Desktop/riscv_single.sv:319]
	Parameter WIDTH bound to: 32 - type: integer 
INFO: [Synth 8-6155] done synthesizing module 'mux3' (15#1) [C:/Users/garpage/Desktop/Ref2/ecen4243S24/lab2/lab2/lab2.srcs/sources_1/imports/Desktop/riscv_single.sv:319]
INFO: [Synth 8-6155] done synthesizing module 'dmem' (16#1) [C:/Users/garpage/Desktop/Ref2/ecen4243S24/lab2/lab2/lab2.srcs/sources_1/imports/Desktop/riscv_single.sv:364]
WARNING: [Synth 8-689] width (1) of port connection 'rd' does not match port width (32) of module 'dmem' [C:/Users/garpage/Desktop/Ref2/ecen4243S24/lab2/lab2/src/top.v:37]
INFO: [Synth 8-6157] synthesizing module 'MemControl' [C:/Users/garpage/Desktop/Ref2/ecen4243S24/lab2/lab2/src/memcontroller.sv:1]
INFO: [Synth 8-6155] done synthesizing module 'MemControl' (17#1) [C:/Users/garpage/Desktop/Ref2/ecen4243S24/lab2/lab2/src/memcontroller.sv:1]
INFO: [Synth 8-6071] Mark debug on the nets applies keep_hierarchy on instance 'memcontrol'. This will prevent further optimization [C:/Users/garpage/Desktop/Ref2/ecen4243S24/lab2/lab2/src/top.v:39]
INFO: [Synth 8-6071] Mark debug on the nets applies keep_hierarchy on instance 'riscvsingle'. This will prevent further optimization [C:/Users/garpage/Desktop/Ref2/ecen4243S24/lab2/lab2/src/top.v:20]
INFO: [Synth 8-6071] Mark debug on the nets applies keep_hierarchy on instance 'imem'. This will prevent further optimization [C:/Users/garpage/Desktop/Ref2/ecen4243S24/lab2/lab2/src/top.v:32]
INFO: [Synth 8-6155] done synthesizing module 'top' (18#1) [C:/Users/garpage/Desktop/Ref2/ecen4243S24/lab2/lab2/src/top.v:2]
INFO: [Synth 8-6155] done synthesizing module 'design_1_top_0_0' (19#1) [c:/Users/garpage/Desktop/Ref2/ecen4243S24/lab2/lab2/lab2.srcs/sources_1/bd/design_1/ip/design_1_top_0_0/synth/design_1_top_0_0.v:58]
---------------------------------------------------------------------------------
Finished RTL Elaboration : Time (s): cpu = 00:00:03 ; elapsed = 00:00:04 . Memory (MB): peak = 1196.742 ; gain = 117.227
---------------------------------------------------------------------------------
---------------------------------------------------------------------------------
Start Handling Custom Attributes
---------------------------------------------------------------------------------
---------------------------------------------------------------------------------
Finished Handling Custom Attributes : Time (s): cpu = 00:00:04 ; elapsed = 00:00:04 . Memory (MB): peak = 1196.742 ; gain = 117.227
---------------------------------------------------------------------------------
---------------------------------------------------------------------------------
Finished RTL Optimization Phase 1 : Time (s): cpu = 00:00:04 ; elapsed = 00:00:04 . Memory (MB): peak = 1196.742 ; gain = 117.227
---------------------------------------------------------------------------------
Netlist sorting complete. Time (s): cpu = 00:00:00 ; elapsed = 00:00:00.020 . Memory (MB): peak = 1196.742 ; gain = 0.000
INFO: [Project 1-570] Preparing netlist for logic optimization

Processing XDC Constraints
Initializing timing engine
Completed Processing XDC Constraints

Netlist sorting complete. Time (s): cpu = 00:00:00 ; elapsed = 00:00:00 . Memory (MB): peak = 1280.402 ; gain = 0.000
INFO: [Project 1-111] Unisim Transformation Summary:
No Unisim elements were transformed.

Constraint Validation Runtime : Time (s): cpu = 00:00:00 ; elapsed = 00:00:00.028 . Memory (MB): peak = 1280.402 ; gain = 0.000
---------------------------------------------------------------------------------
Finished Constraint Validation : Time (s): cpu = 00:00:07 ; elapsed = 00:00:09 . Memory (MB): peak = 1280.402 ; gain = 200.887
---------------------------------------------------------------------------------
---------------------------------------------------------------------------------
Start Loading Part and Timing Information
---------------------------------------------------------------------------------
Loading part: xc7z020clg484-1
---------------------------------------------------------------------------------
Finished Loading Part and Timing Information : Time (s): cpu = 00:00:07 ; elapsed = 00:00:09 . Memory (MB): peak = 1280.402 ; gain = 200.887
---------------------------------------------------------------------------------
---------------------------------------------------------------------------------
Start Applying 'set_property' XDC Constraints
---------------------------------------------------------------------------------
---------------------------------------------------------------------------------
Finished applying 'set_property' XDC Constraints : Time (s): cpu = 00:00:07 ; elapsed = 00:00:09 . Memory (MB): peak = 1280.402 ; gain = 200.887
---------------------------------------------------------------------------------
INFO: [Synth 8-802] inferred FSM for state register 'state_reg' in module 'MemControl'
WARNING: [Synth 8-327] inferring latch for variable 'MSBExtend_reg' [C:/Users/garpage/Desktop/Ref2/ecen4243S24/lab2/lab2/lab2.srcs/sources_1/imports/Desktop/riscv_single.sv:195]
---------------------------------------------------------------------------------------------------
                   State |                     New Encoding |                Previous Encoding 
---------------------------------------------------------------------------------------------------
                    Idle |                              000 |                              000
              WriteStart |                              001 |                              100
                WriteMem |                              010 |                              101
               WriteData |                              011 |                              110
               ReadStart |                              100 |                              001
                 ReadMem |                              101 |                              010
                ReadData |                              110 |                              011
---------------------------------------------------------------------------------------------------
INFO: [Synth 8-3354] encoded FSM with state register 'state_reg' using encoding 'sequential' in module 'MemControl'
---------------------------------------------------------------------------------
Finished RTL Optimization Phase 2 : Time (s): cpu = 00:00:08 ; elapsed = 00:00:09 . Memory (MB): peak = 1280.402 ; gain = 200.887
---------------------------------------------------------------------------------
---------------------------------------------------------------------------------
Start RTL Component Statistics 
---------------------------------------------------------------------------------
Detailed RTL Component Info : 
+---Adders : 
	   2 Input   32 Bit       Adders := 3     
	   3 Input   32 Bit       Adders := 1     
+---XORs : 
	   2 Input     32 Bit         XORs := 2     
	   2 Input      1 Bit         XORs := 3     
	   3 Input      1 Bit         XORs := 1     
+---Registers : 
	               32 Bit    Registers := 1     
+---Muxes : 
	   2 Input   32 Bit        Muxes := 12    
	  10 Input   12 Bit        Muxes := 1     
	  10 Input    3 Bit        Muxes := 1     
	   8 Input    3 Bit        Muxes := 1     
	   7 Input    3 Bit        Muxes := 2     
	   2 Input    3 Bit        Muxes := 4     
	  17 Input    1 Bit        Muxes := 2     
	   2 Input    1 Bit        Muxes := 3     
---------------------------------------------------------------------------------
Finished RTL Component Statistics 
---------------------------------------------------------------------------------
---------------------------------------------------------------------------------
Start Part Resource Summary
---------------------------------------------------------------------------------
Part Resources:
DSPs: 220 (col length:60)
BRAMs: 280 (col length: RAMB18 60 RAMB36 30)
---------------------------------------------------------------------------------
Finished Part Resource Summary
---------------------------------------------------------------------------------
---------------------------------------------------------------------------------
Start Cross Boundary and Area Optimization
---------------------------------------------------------------------------------
---------------------------------------------------------------------------------
Finished Cross Boundary and Area Optimization : Time (s): cpu = 00:00:13 ; elapsed = 00:00:15 . Memory (MB): peak = 1280.402 ; gain = 200.887
---------------------------------------------------------------------------------
---------------------------------------------------------------------------------
Start ROM, RAM, DSP, Shift Register and Retiming Reporting
---------------------------------------------------------------------------------

Distributed RAM: Preliminary Mapping	Report (see note below)
+-----------------+--------------+-----------+----------------------+--------------+
|Module Name      | RTL Object   | Inference | Size (Depth x Width) | Primitives   | 
+-----------------+--------------+-----------+----------------------+--------------+
|inst/riscvsingle | dp/rf/rf_reg | Implied   | 32 x 32              | RAM32M x 12	 | 
+-----------------+--------------+-----------+----------------------+--------------+

Note: The table above is a preliminary report that shows the Distributed RAMs at the current stage of the synthesis flow. Some Distributed RAMs may be reimplemented as non Distributed RAM primitives later in the synthesis flow. Multiple instantiated RAMs are reported only once.
---------------------------------------------------------------------------------
Finished ROM, RAM, DSP, Shift Register and Retiming Reporting
---------------------------------------------------------------------------------
---------------------------------------------------------------------------------
Start Applying XDC Timing Constraints
---------------------------------------------------------------------------------
---------------------------------------------------------------------------------
Finished Applying XDC Timing Constraints : Time (s): cpu = 00:00:18 ; elapsed = 00:00:19 . Memory (MB): peak = 1295.695 ; gain = 216.180
---------------------------------------------------------------------------------
---------------------------------------------------------------------------------
Start Timing Optimization
---------------------------------------------------------------------------------
---------------------------------------------------------------------------------
Finished Timing Optimization : Time (s): cpu = 00:00:18 ; elapsed = 00:00:19 . Memory (MB): peak = 1296.289 ; gain = 216.773
---------------------------------------------------------------------------------
---------------------------------------------------------------------------------
Start ROM, RAM, DSP, Shift Register and Retiming Reporting
---------------------------------------------------------------------------------

Distributed RAM: Final Mapping	Report
+-----------------+--------------+-----------+----------------------+--------------+
|Module Name      | RTL Object   | Inference | Size (Depth x Width) | Primitives   | 
+-----------------+--------------+-----------+----------------------+--------------+
|inst/riscvsingle | dp/rf/rf_reg | Implied   | 32 x 32              | RAM32M x 12	 | 
+-----------------+--------------+-----------+----------------------+--------------+

---------------------------------------------------------------------------------
Finished ROM, RAM, DSP, Shift Register and Retiming Reporting
---------------------------------------------------------------------------------
---------------------------------------------------------------------------------
Start Technology Mapping
---------------------------------------------------------------------------------
---------------------------------------------------------------------------------
Finished Technology Mapping : Time (s): cpu = 00:00:18 ; elapsed = 00:00:19 . Memory (MB): peak = 1326.879 ; gain = 247.363
---------------------------------------------------------------------------------
---------------------------------------------------------------------------------
Start IO Insertion
---------------------------------------------------------------------------------
---------------------------------------------------------------------------------
Start Flattening Before IO Insertion
---------------------------------------------------------------------------------
---------------------------------------------------------------------------------
Finished Flattening Before IO Insertion
---------------------------------------------------------------------------------
---------------------------------------------------------------------------------
Start Final Netlist Cleanup
---------------------------------------------------------------------------------
---------------------------------------------------------------------------------
Finished Final Netlist Cleanup
---------------------------------------------------------------------------------
---------------------------------------------------------------------------------
Finished IO Insertion : Time (s): cpu = 00:00:20 ; elapsed = 00:00:21 . Memory (MB): peak = 1341.680 ; gain = 262.164
---------------------------------------------------------------------------------
---------------------------------------------------------------------------------
Start Renaming Generated Instances
---------------------------------------------------------------------------------
---------------------------------------------------------------------------------
Finished Renaming Generated Instances : Time (s): cpu = 00:00:20 ; elapsed = 00:00:21 . Memory (MB): peak = 1341.680 ; gain = 262.164
---------------------------------------------------------------------------------
---------------------------------------------------------------------------------
Start Rebuilding User Hierarchy
---------------------------------------------------------------------------------
---------------------------------------------------------------------------------
Finished Rebuilding User Hierarchy : Time (s): cpu = 00:00:20 ; elapsed = 00:00:21 . Memory (MB): peak = 1341.680 ; gain = 262.164
---------------------------------------------------------------------------------
---------------------------------------------------------------------------------
Start Renaming Generated Ports
---------------------------------------------------------------------------------
---------------------------------------------------------------------------------
Finished Renaming Generated Ports : Time (s): cpu = 00:00:20 ; elapsed = 00:00:21 . Memory (MB): peak = 1341.680 ; gain = 262.164
---------------------------------------------------------------------------------
---------------------------------------------------------------------------------
Start Handling Custom Attributes
---------------------------------------------------------------------------------
---------------------------------------------------------------------------------
Finished Handling Custom Attributes : Time (s): cpu = 00:00:20 ; elapsed = 00:00:21 . Memory (MB): peak = 1341.680 ; gain = 262.164
---------------------------------------------------------------------------------
---------------------------------------------------------------------------------
Start Renaming Generated Nets
---------------------------------------------------------------------------------
---------------------------------------------------------------------------------
Finished Renaming Generated Nets : Time (s): cpu = 00:00:20 ; elapsed = 00:00:21 . Memory (MB): peak = 1341.680 ; gain = 262.164
---------------------------------------------------------------------------------
---------------------------------------------------------------------------------
Start Writing Synthesis Report
---------------------------------------------------------------------------------

Report BlackBoxes: 
+-+--------------+----------+
| |BlackBox name |Instances |
+-+--------------+----------+
+-+--------------+----------+

Report Cell Usage: 
+------+-------+------+
|      |Cell   |Count |
+------+-------+------+
|1     |CARRY4 |    36|
|2     |LUT1   |    33|
|3     |LUT2   |     5|
|4     |LUT3   |    26|
|5     |LUT4   |    75|
|6     |LUT5   |    77|
|7     |LUT6   |   430|
|8     |MUXF7  |     1|
|9     |RAM32M |    12|
|10    |FDCE   |    32|
|11    |LD     |     1|
+------+-------+------+
---------------------------------------------------------------------------------
Finished Writing Synthesis Report : Time (s): cpu = 00:00:20 ; elapsed = 00:00:21 . Memory (MB): peak = 1341.680 ; gain = 262.164
---------------------------------------------------------------------------------
Synthesis finished with 0 errors, 0 critical warnings and 1 warnings.
Synthesis Optimization Runtime : Time (s): cpu = 00:00:15 ; elapsed = 00:00:20 . Memory (MB): peak = 1341.680 ; gain = 178.504
Synthesis Optimization Complete : Time (s): cpu = 00:00:20 ; elapsed = 00:00:21 . Memory (MB): peak = 1341.680 ; gain = 262.164
INFO: [Project 1-571] Translating synthesized netlist
Netlist sorting complete. Time (s): cpu = 00:00:00 ; elapsed = 00:00:00.015 . Memory (MB): peak = 1353.746 ; gain = 0.000
INFO: [Netlist 29-17] Analyzing 50 Unisim elements for replacement
INFO: [Netlist 29-28] Unisim Transformation completed in 0 CPU seconds
INFO: [Project 1-570] Preparing netlist for logic optimization
INFO: [Opt 31-138] Pushed 0 inverter(s) to 0 load pin(s).
Netlist sorting complete. Time (s): cpu = 00:00:00 ; elapsed = 00:00:00 . Memory (MB): peak = 1353.746 ; gain = 0.000
INFO: [Project 1-111] Unisim Transformation Summary:
  A total of 13 instances were transformed.
  LD => LDCE: 1 instance 
  RAM32M => RAM32M (RAMD32(x6), RAMS32(x2)): 12 instances

INFO: [Common 17-83] Releasing license: Synthesis
62 Infos, 5 Warnings, 0 Critical Warnings and 0 Errors encountered.
synth_design completed successfully
synth_design: Time (s): cpu = 00:00:25 ; elapsed = 00:00:38 . Memory (MB): peak = 1353.746 ; gain = 274.230
INFO: [Common 17-1381] The checkpoint 'C:/Users/garpage/Desktop/Ref2/ecen4243S24/lab2/lab2/lab2.runs/design_1_top_0_0_synth_1/design_1_top_0_0.dcp' has been generated.
WARNING: [Common 17-576] 'use_project_ipc' is deprecated. This option is deprecated and no longer used.
INFO: [Coretcl 2-1174] Renamed 10 cell refs.
INFO: [Common 17-1381] The checkpoint 'C:/Users/garpage/Desktop/Ref2/ecen4243S24/lab2/lab2/lab2.runs/design_1_top_0_0_synth_1/design_1_top_0_0.dcp' has been generated.
INFO: [runtcl-4] Executing : report_utilization -file design_1_top_0_0_utilization_synth.rpt -pb design_1_top_0_0_utilization_synth.pb
INFO: [Common 17-206] Exiting Vivado at Wed May  1 13:19:48 2024...
